Assembler report for scopeNoMPU
Fri Apr 24 16:13:28 2026
Quartus Prime Version 23.1std.1 Build 993 05/14/2024 SC Lite Edition


---------------------
; Table of Contents ;
---------------------
  1. Legal Notice
  2. Assembler Summary
  3. Assembler Settings
  4. Assembler Generated Files
  5. Assembler Device Options: C:/Users/Manuel Hernandez/Documents/GitHub/ChannelEmulation/scopeNoMPU/output_files/scopeNoMPU.sof
  6. Assembler Device Options: C:/Users/Manuel Hernandez/Documents/GitHub/ChannelEmulation/scopeNoMPU/output_files/scopeNoMPU.pof
  7. Assembler Messages



----------------
; Legal Notice ;
----------------
Copyright (C) 2024  Intel Corporation. All rights reserved.
Your use of Intel Corporation's design tools, logic functions 
and other software and tools, and any partner logic 
functions, and any output files from any of the foregoing 
(including device programming or simulation files), and any 
associated documentation or information are expressly subject 
to the terms and conditions of the Intel Program License 
Subscription Agreement, the Intel Quartus Prime License Agreement,
the Intel FPGA IP License Agreement, or other applicable license
agreement, including, without limitation, that your use is for
the sole purpose of programming logic devices manufactured by
Intel and sold by Intel or its authorized distributors.  Please
refer to the applicable agreement for further details, at
https://fpgasoftware.intel.com/eula.



+---------------------------------------------------------------+
; Assembler Summary                                             ;
+-----------------------+---------------------------------------+
; Assembler Status      ; Successful - Fri Apr 24 16:13:28 2026 ;
; Revision Name         ; scopeNoMPU                            ;
; Top-level Entity Name ; ipmScopeNoMPU                         ;
; Family                ; Cyclone IV E                          ;
; Device                ; EP4CE115F29C7                         ;
+-----------------------+---------------------------------------+


+----------------------------------+
; Assembler Settings               ;
+--------+---------+---------------+
; Option ; Setting ; Default Value ;
+--------+---------+---------------+


+----------------------------------------------------------------------------------------------------+
; Assembler Generated Files                                                                          ;
+----------------------------------------------------------------------------------------------------+
; File Name                                                                                          ;
+----------------------------------------------------------------------------------------------------+
; C:/Users/Manuel Hernandez/Documents/GitHub/ChannelEmulation/scopeNoMPU/output_files/scopeNoMPU.sof ;
; C:/Users/Manuel Hernandez/Documents/GitHub/ChannelEmulation/scopeNoMPU/output_files/scopeNoMPU.pof ;
+----------------------------------------------------------------------------------------------------+


+------------------------------------------------------------------------------------------------------------------------------+
; Assembler Device Options: C:/Users/Manuel Hernandez/Documents/GitHub/ChannelEmulation/scopeNoMPU/output_files/scopeNoMPU.sof ;
+----------------+-------------------------------------------------------------------------------------------------------------+
; Option         ; Setting                                                                                                     ;
+----------------+-------------------------------------------------------------------------------------------------------------+
; JTAG usercode  ; 0x0088EAA0                                                                                                  ;
; Checksum       ; 0x0088EAA0                                                                                                  ;
+----------------+-------------------------------------------------------------------------------------------------------------+


+------------------------------------------------------------------------------------------------------------------------------+
; Assembler Device Options: C:/Users/Manuel Hernandez/Documents/GitHub/ChannelEmulation/scopeNoMPU/output_files/scopeNoMPU.pof ;
+--------------------+---------------------------------------------------------------------------------------------------------+
; Option             ; Setting                                                                                                 ;
+--------------------+---------------------------------------------------------------------------------------------------------+
; JTAG usercode      ; 0x00000000                                                                                              ;
; Checksum           ; 0x70D7641D                                                                                              ;
; Compression Ratio  ; 3                                                                                                       ;
+--------------------+---------------------------------------------------------------------------------------------------------+


+--------------------+
; Assembler Messages ;
+--------------------+
Info: *******************************************************************
Info: Running Quartus Prime Assembler
    Info: Version 23.1std.1 Build 993 05/14/2024 SC Lite Edition
    Info: Processing started: Fri Apr 24 16:13:23 2026
Info: Command: quartus_asm --read_settings_files=off --write_settings_files=off scopeNoMPU -c scopeNoMPU
Warning (18236): Number of processors has not been specified which may cause overloading on shared machines.  Set the global assignment NUM_PARALLEL_PROCESSORS in your QSF to an appropriate value for best performance.
Info (115031): Writing out detailed assembly data for power analysis
Info (115030): Assembler is generating device programming files
Info: Quartus Prime Assembler was successful. 0 errors, 1 warning
    Info: Peak virtual memory: 5004 megabytes
    Info: Processing ended: Fri Apr 24 16:13:28 2026
    Info: Elapsed time: 00:00:05
    Info: Total CPU time (on all processors): 00:00:04


